<?xml version="1.0" encoding="UTF-8"?>
<!-- Generated by org.testng.reporters.JUnitReportReporter -->
<testsuite hostname="DESKTOP-R8QH3ML" failures="0" tests="1" name="test.Menus" time="0.024" errors="0" timestamp="2022-01-31T10:03:01 CET" skipped="0">
  <testcase classname="test.Menus" name="Filiale" time="0.024"/>
  <system-out/>
</testsuite> <!-- test.Menus -->
