<?xml version="1.0" encoding="UTF-8"?>
<!-- Generated by org.testng.reporters.JUnitReportReporter -->
<testsuite hostname="DESKTOP-R8QH3ML" failures="0" tests="2" name="test.Epinglage" time="0.025" errors="0" timestamp="2022-01-29T11:01:05 CET" skipped="0">
  <testcase classname="test.Epinglage" name="CommandeEpinglee" time="0.023"/>
  <system-out/>
  <testcase classname="test.Epinglage" name="TransmettreGendarmerie" time="0.002"/>
  <system-out/>
</testsuite> <!-- test.Epinglage -->
