<?xml version="1.0" encoding="UTF-8"?>
<!-- Generated by org.testng.reporters.JUnitReportReporter -->
<testsuite hostname="DESKTOP-R8QH3ML" failures="0" tests="1" name="test.TestCommande" time="0.016" errors="0" timestamp="2022-01-31T10:03:20 CET" skipped="0">
  <testcase classname="test.TestCommande" name="TacheCuisine" time="0.016"/>
  <system-out/>
</testsuite> <!-- test.TestCommande -->
