<?xml version="1.0" encoding="UTF-8"?>
<!-- Generated by org.testng.reporters.JUnitReportReporter -->
<testsuite hostname="DESKTOP-R8QH3ML" failures="0" tests="1" name="test.InstallationTest" time="0.018" errors="0" timestamp="2022-02-04T11:03:10 CET" skipped="0">
  <testcase classname="test.InstallationTest" name="TableLibre" time="0.018"/>
  <system-out/>
</testsuite> <!-- test.InstallationTest -->
