<?xml version="1.0" encoding="UTF-8"?>
<!-- Generated by org.testng.reporters.JUnitReportReporter -->
<testsuite hostname="DESKTOP-R8QH3ML" failures="0" tests="1" name="test.MenusTest" time="0.032" errors="0" timestamp="2022-02-05T13:42:16 CET" skipped="0">
  <testcase classname="test.MenusTest" name="Filiale" time="0.032"/>
  <system-out/>
</testsuite> <!-- test.MenusTest -->
