<?xml version="1.0" encoding="UTF-8"?>
<!-- Generated by org.testng.reporters.JUnitReportReporter -->
<testsuite hostname="DESKTOP-R8QH3ML" failures="0" tests="1" name="test.DebutServiceTest" time="0.017" errors="0" timestamp="2022-02-04T09:53:23 CET" skipped="0">
  <testcase classname="test.DebutServiceTest" name="DebutDeService" time="0.017"/>
  <system-out/>
</testsuite> <!-- test.DebutServiceTest -->
