<?xml version="1.0" encoding="UTF-8"?>
<!-- Generated by org.testng.reporters.JUnitReportReporter -->
<testsuite hostname="DESKTOP-R8QH3ML" failures="0" tests="2" name="test.EpinglageTest" time="0.017" errors="0" timestamp="2022-02-04T10:39:52 CET" skipped="0">
  <testcase classname="test.EpinglageTest" name="TransmettreGendarmerie" time="0.003"/>
  <system-out/>
  <testcase classname="test.EpinglageTest" name="CommandeEpinglee" time="0.014"/>
  <system-out/>
</testsuite> <!-- test.EpinglageTest -->
