<?xml version="1.0" encoding="UTF-8"?>
<!-- Generated by org.testng.reporters.JUnitReportReporter -->
<testsuite hostname="DESKTOP-R8QH3ML" failures="0" tests="1" name="test.ChiffreAffairesRestaurantTest" time="0.020" errors="0" timestamp="2022-02-04T09:07:28 CET" skipped="0">
  <testcase classname="test.ChiffreAffairesRestaurantTest" name="chiffreAffairesRestaurant" time="0.020"/>
  <system-out/>
</testsuite> <!-- test.ChiffreAffairesRestaurantTest -->
