<?xml version="1.0" encoding="UTF-8"?>
<!-- Generated by org.testng.reporters.JUnitReportReporter -->
<testsuite hostname="DESKTOP-R8QH3ML" failures="0" tests="1" name="test.CarteRestaurantTest" time="0.024" errors="0" timestamp="2022-02-06T19:36:00 CET" skipped="0">
  <testcase classname="test.CarteRestaurantTest" name="CarteRestaurant" time="0.024"/>
  <system-out/>
</testsuite> <!-- test.CarteRestaurantTest -->
