<?xml version="1.0" encoding="UTF-8"?>
<!-- Generated by org.testng.reporters.JUnitReportReporter -->
<testsuite hostname="DESKTOP-R8QH3ML" failures="0" tests="1" name="test.DebutService" time="0.019" errors="0" timestamp="2022-02-04T09:47:28 CET" skipped="0">
  <testcase classname="test.DebutService" name="DebutDeService" time="0.019"/>
  <system-out/>
</testsuite> <!-- test.DebutService -->
