<?xml version="1.0" encoding="UTF-8"?>
<!-- Generated by org.testng.reporters.JUnitReportReporter -->
<testsuite hostname="DESKTOP-R8QH3ML" failures="0" tests="1" name="test.Installation" time="0.014" errors="0" timestamp="2022-01-28T11:45:46 CET" skipped="0">
  <testcase classname="test.Installation" name="TableLibre" time="0.014"/>
  <system-out/>
</testsuite> <!-- test.Installation -->
