<?xml version="1.0" encoding="UTF-8"?>
<!-- Generated by org.testng.reporters.JUnitReportReporter -->
<testsuite hostname="DESKTOP-R8QH3ML" failures="0" tests="1" name="test.TestRestaurant" time="0.017" errors="0" timestamp="2022-01-27T12:08:35 CET" skipped="0">
  <testcase classname="test.TestRestaurant" name="RestaurantChiffreAffaires" time="0.017"/>
  <system-out/>
</testsuite> <!-- test.TestRestaurant -->
