<?xml version="1.0" encoding="UTF-8"?>
<!-- Generated by org.testng.reporters.JUnitReportReporter -->
<testsuite hostname="DESKTOP-R8QH3ML" failures="0" tests="2" name="test.ChiffreAffaires" time="0.020" errors="0" timestamp="2022-01-31T10:07:02 CET" skipped="0">
  <testcase classname="test.ChiffreAffaires" name="Restaurant" time="0.018"/>
  <system-out/>
  <testcase classname="test.ChiffreAffaires" name="Serveur" time="0.002"/>
  <system-out/>
</testsuite> <!-- test.ChiffreAffaires -->
